<?xml version="1.0" encoding="UTF-8"?>
<testng-results ignored="0" total="2" passed="2" failed="0" skipped="0">
  <reporter-output>
    <line>
      <![CDATA[Browser opened]]>
    </line>
    <line>
      <![CDATA[Application launched]]>
    </line>
    <line>
      <![CDATA[Browser Closed]]>
    </line>
  </reporter-output>
  <suite started-at="2022-02-02T23:21:47 IST" name="Default suite" finished-at="2022-02-02T23:22:02 IST" duration-ms="14258">
    <groups>
    </groups>
    <test started-at="2022-02-02T23:21:47 IST" name="Default test" finished-at="2022-02-02T23:22:02 IST" duration-ms="14258">
      <class name="test1.testCaseForSuccess">
        <test-method is-config="true" signature="startBrowser()[pri:0, instance:test1.testCaseForSuccess@73a8da0f]" started-at="2022-02-02T23:21:47 IST" name="startBrowser" finished-at="2022-02-02T23:21:57 IST" duration-ms="9471" status="PASS">
          <reporter-output>
            <line>
              <![CDATA[Browser opened]]>
            </line>
            <line>
              <![CDATA[Application launched]]>
            </line>
          </reporter-output>
        </test-method> <!-- startBrowser -->
        <test-method signature="initiate()[pri:0, instance:test1.testCaseForSuccess@73a8da0f]" started-at="2022-02-02T23:21:57 IST" name="initiate" finished-at="2022-02-02T23:21:57 IST" duration-ms="38" status="PASS">
          <reporter-output>
          </reporter-output>
        </test-method> <!-- initiate -->
        <test-method signature="testCase1forSuccess()[pri:0, instance:test1.testCaseForSuccess@73a8da0f]" started-at="2022-02-02T23:21:57 IST" name="testCase1forSuccess" finished-at="2022-02-02T23:22:02 IST" depends-on-methods="test1.testCaseForSuccess.initiate" duration-ms="4576" status="PASS">
          <reporter-output>
          </reporter-output>
        </test-method> <!-- testCase1forSuccess -->
        <test-method is-config="true" signature="closeApplication()[pri:0, instance:test1.testCaseForSuccess@73a8da0f]" started-at="2022-02-02T23:22:02 IST" name="closeApplication" finished-at="2022-02-02T23:22:02 IST" duration-ms="98" status="PASS">
          <reporter-output>
            <line>
              <![CDATA[Browser Closed]]>
            </line>
          </reporter-output>
        </test-method> <!-- closeApplication -->
      </class> <!-- test1.testCaseForSuccess -->
    </test> <!-- Default test -->
  </suite> <!-- Default suite -->
</testng-results>
